{"C:\\Users\\Emmanuel\\Documents\\GitHub\\NLP-project4\\src\\client\\js\\urlIsValid.js": {"path":"C:\\Users\\Emmanuel\\Documents\\GitHub\\NLP-project4\\src\\client\\js\\urlIsValid.js","statementMap":{"0":{"start":{"line":4,"column":2},"end":{"line":4,"column":443}},"1":{"start":{"line":7,"column":2},"end":{"line":14,"column":5}},"2":{"start":{"line":9,"column":6},"end":{"line":9,"column":18}},"3":{"start":{"line":13,"column":6},"end":{"line":13,"column":19}},"4":{"start":{"line":18,"column":2},"end":{"line":20,"column":5}},"5":{"start":{"line":19,"column":4},"end":{"line":19,"column":40}}},"fnMap":{"0":{"name":"isValidUrl","decl":{"start":{"line":1,"column":9},"end":{"line":1,"column":19}},"loc":{"start":{"line":2,"column":0},"end":{"line":15,"column":1}},"line":2},"1":{"name":"checkUrl","decl":{"start":{"line":17,"column":9},"end":{"line":17,"column":17}},"loc":{"start":{"line":17,"column":35},"end":{"line":21,"column":1}},"line":17},"2":{"name":"(anonymous_2)","decl":{"start":{"line":18,"column":26},"end":{"line":18,"column":27}},"loc":{"start":{"line":18,"column":49},"end":{"line":20,"column":3}},"line":18}},"branchMap":{"0":{"loc":{"start":{"line":7,"column":2},"end":{"line":14,"column":5}},"type":"if","locations":[{"start":{"line":7,"column":2},"end":{"line":14,"column":5}},{"start":{"line":7,"column":2},"end":{"line":14,"column":5}}],"line":7}},"s":{"0":0,"1":0,"2":0,"3":0,"4":1,"5":2},"f":{"0":0,"1":1,"2":2},"b":{"0":[0,0]},"_coverageSchema":"1a1c01bbd47fc00a2c39e90264f33305004495a9","hash":"ab236ef404dfd41d9915dea8edfd0f643b234b26"}
,"C:\\Users\\Emmanuel\\Documents\\GitHub\\NLP-project4\\src\\server\\_test_\\filterByTerm.js": {"path":"C:\\Users\\Emmanuel\\Documents\\GitHub\\NLP-project4\\src\\server\\_test_\\filterByTerm.js","statementMap":{"0":{"start":{"line":2,"column":4},"end":{"line":4,"column":7}},"1":{"start":{"line":3,"column":6},"end":{"line":3,"column":48}}},"fnMap":{"0":{"name":"filterByTerm","decl":{"start":{"line":1,"column":9},"end":{"line":1,"column":21}},"loc":{"start":{"line":1,"column":45},"end":{"line":5,"column":1}},"line":1},"1":{"name":"(anonymous_1)","decl":{"start":{"line":2,"column":28},"end":{"line":2,"column":29}},"loc":{"start":{"line":2,"column":51},"end":{"line":4,"column":5}},"line":2}},"branchMap":{},"s":{"0":1,"1":3},"f":{"0":1,"1":3},"b":{},"_coverageSchema":"1a1c01bbd47fc00a2c39e90264f33305004495a9","hash":"f3210e8efa7a8add4e412a53f4de973201898006"}
}
